[main] INFO  student.inherit.App  - \nPress 1 - Register Student \nPress 2 - Register as NON IT \nPress 3 - Rgister as IT \nPress 4 - Fetch Student Detail \nPress 5 - Fetch All Students \nPress 6 - Remove Student \nPress 7 - Exit
  [main] INFO  student.inherit.App  - Enter your choice : 
  [main] INFO  student.inherit.App  - Enter First Name : 
  [main] INFO  student.inherit.App  - Enter Last Name : 
  [main] INFO  student.inherit.App  - Enter Contact NO : 
  [main] DEBUG org.jboss.logging  - Logging Provider: org.jboss.logging.Log4jLoggerProvider
  [main] INFO  org.hibernate.Version  - HHH000412: Hibernate ORM core version 5.6.11.Final
  [main] INFO  org.hibernate.annotations.common.Version  - HCANN000001: Hibernate Commons Annotations {5.1.2.Final}
  [main] WARN  org.hibernate.orm.connections.pooling  - HHH10001002: Using Hibernate built-in connection pool (not for production use!)
  [main] INFO  org.hibernate.orm.connections.pooling  - HHH10001005: using driver [com.mysql.cj.jdbc.Driver] at URL [jdbc:mysql://localhost:3306/student]
  [main] INFO  org.hibernate.orm.connections.pooling  - HHH10001001: Connection properties: {password=****, user=root}
  [main] INFO  org.hibernate.orm.connections.pooling  - HHH10001003: Autocommit mode: false
  [main] INFO  org.hibernate.engine.jdbc.connections.internal.DriverManagerConnectionProviderImpl  - HHH000115: Hibernate connection pool size: 20 (min=1)
  [main] INFO  org.hibernate.dialect.Dialect  - HHH000400: Using dialect: org.hibernate.dialect.MySQL5Dialect
  [main] INFO  org.hibernate.orm.connections.access  - HHH10001501: Connection obtained from JdbcConnectionAccess [org.hibernate.engine.jdbc.env.internal.JdbcEnvironmentInitiator$ConnectionProviderJdbcConnectionAccess@a2341c6] for (non-JTA) DDL execution was not in auto-commit mode; the Connection 'local transaction' will be committed and the Connection will be set into auto-commit mode.
  [main] INFO  student.inherit.App  - 1
  [main] INFO  student.inherit.App  - \nPress 1 - Register Student \nPress 2 - Register as NON IT \nPress 3 - Rgister as IT \nPress 4 - Fetch Student Detail \nPress 5 - Fetch All Students \nPress 6 - Remove Student \nPress 7 - Exit
  [main] INFO  student.inherit.App  - Enter your choice : 
  [main] INFO  student.inherit.App  - Press 1 - Register Student 
Press 2 - Register as NON IT 
Press 3 - Rgister as IT 
Press 4 - Fetch Student Detail 
Press 5 - Fetch All Students 
Press 6 - Remove Student 
Press 7 - Exit
  [main] INFO  student.inherit.App  - 
  [main] INFO  student.inherit.App  - Enter your choice : 
  [main] INFO  student.inherit.App  - 
Press 1 - Register Student 
Press 2 - Register as NON IT 
Press 3 - Rgister as IT 
Press 4 - Fetch Student Detail 
Press 5 - Fetch All Students 
Press 6 - Remove Student 
Press 7 - Exit
  [main] INFO  student.inherit.App  - Enter your choice : 
  [main] INFO  student.inherit.App  - Enter First Name : 
  [main] INFO  student.inherit.App  - Enter Last Name : 
  [main] INFO  student.inherit.App  - Enter Contact NO : 
  [main] DEBUG org.jboss.logging  - Logging Provider: org.jboss.logging.Log4jLoggerProvider
  [main] INFO  org.hibernate.Version  - HHH000412: Hibernate ORM core version 5.6.11.Final
  [main] INFO  org.hibernate.annotations.common.Version  - HCANN000001: Hibernate Commons Annotations {5.1.2.Final}
  [main] WARN  org.hibernate.orm.connections.pooling  - HHH10001002: Using Hibernate built-in connection pool (not for production use!)
  [main] INFO  org.hibernate.orm.connections.pooling  - HHH10001005: using driver [com.mysql.cj.jdbc.Driver] at URL [jdbc:mysql://localhost:3306/student]
  [main] INFO  org.hibernate.orm.connections.pooling  - HHH10001001: Connection properties: {password=****, user=root}
  [main] INFO  org.hibernate.orm.connections.pooling  - HHH10001003: Autocommit mode: false
  [main] INFO  org.hibernate.engine.jdbc.connections.internal.DriverManagerConnectionProviderImpl  - HHH000115: Hibernate connection pool size: 20 (min=1)
  [main] INFO  org.hibernate.dialect.Dialect  - HHH000400: Using dialect: org.hibernate.dialect.MySQL5Dialect
  [main] INFO  org.hibernate.orm.connections.access  - HHH10001501: Connection obtained from JdbcConnectionAccess [org.hibernate.engine.jdbc.env.internal.JdbcEnvironmentInitiator$ConnectionProviderJdbcConnectionAccess@1d1cbd0f] for (non-JTA) DDL execution was not in auto-commit mode; the Connection 'local transaction' will be committed and the Connection will be set into auto-commit mode.
  [main] INFO  student.inherit.App  - 
Press 1 - Register Student 
Press 2 - Register as NON IT 
Press 3 - Rgister as IT 
Press 4 - Fetch Student Detail 
Press 5 - Fetch All Students 
Press 6 - Remove Student 
Press 7 - Exit
  [main] INFO  student.inherit.App  - Enter your choice : 
  [main] INFO  student.inherit.App  - Enter First Name : 
  [main] INFO  student.inherit.App  - Enter Last Name : 
  [main] INFO  student.inherit.App  - Enter Contact NO : 
  [main] DEBUG org.jboss.logging  - Logging Provider: org.jboss.logging.Log4jLoggerProvider
  [main] INFO  org.hibernate.Version  - HHH000412: Hibernate ORM core version 5.6.11.Final
  [main] INFO  org.hibernate.annotations.common.Version  - HCANN000001: Hibernate Commons Annotations {5.1.2.Final}
  [main] WARN  org.hibernate.orm.connections.pooling  - HHH10001002: Using Hibernate built-in connection pool (not for production use!)
  [main] INFO  org.hibernate.orm.connections.pooling  - HHH10001005: using driver [com.mysql.cj.jdbc.Driver] at URL [jdbc:mysql://localhost:3306/student]
  [main] INFO  org.hibernate.orm.connections.pooling  - HHH10001001: Connection properties: {password=****, user=root}
  [main] INFO  org.hibernate.orm.connections.pooling  - HHH10001003: Autocommit mode: false
  [main] INFO  org.hibernate.engine.jdbc.connections.internal.DriverManagerConnectionProviderImpl  - HHH000115: Hibernate connection pool size: 20 (min=1)
  [main] INFO  org.hibernate.dialect.Dialect  - HHH000400: Using dialect: org.hibernate.dialect.MySQL5Dialect
  [main] INFO  org.hibernate.orm.connections.access  - HHH10001501: Connection obtained from JdbcConnectionAccess [org.hibernate.engine.jdbc.env.internal.JdbcEnvironmentInitiator$ConnectionProviderJdbcConnectionAccess@3050ac2f] for (non-JTA) DDL execution was not in auto-commit mode; the Connection 'local transaction' will be committed and the Connection will be set into auto-commit mode.
  [main] INFO  student.inherit.App  - 
Press 1 - Register Student 
Press 2 - Register as NON IT 
Press 3 - Rgister as IT 
Press 4 - Fetch Student Detail 
Press 5 - Fetch All Students 
Press 6 - Remove Student 
Press 7 - Exit
  [main] INFO  student.inherit.App  - Enter your choice : 
  [main] INFO  student.inherit.App  - Enter First Name : 
  [main] INFO  student.inherit.App  - Enter Last Name : 
  [main] INFO  student.inherit.App  - Enter Contact NO : 
  [main] DEBUG org.jboss.logging  - Logging Provider: org.jboss.logging.Log4jLoggerProvider
  [main] INFO  org.hibernate.Version  - HHH000412: Hibernate ORM core version 5.6.11.Final
  [main] INFO  org.hibernate.annotations.common.Version  - HCANN000001: Hibernate Commons Annotations {5.1.2.Final}
  [main] WARN  org.hibernate.orm.connections.pooling  - HHH10001002: Using Hibernate built-in connection pool (not for production use!)
  [main] INFO  org.hibernate.orm.connections.pooling  - HHH10001005: using driver [com.mysql.cj.jdbc.Driver] at URL [jdbc:mysql://localhost:3306/student]
  [main] INFO  org.hibernate.orm.connections.pooling  - HHH10001001: Connection properties: {password=****, user=root}
  [main] INFO  org.hibernate.orm.connections.pooling  - HHH10001003: Autocommit mode: false
  [main] INFO  org.hibernate.engine.jdbc.connections.internal.DriverManagerConnectionProviderImpl  - HHH000115: Hibernate connection pool size: 20 (min=1)
  [main] INFO  org.hibernate.dialect.Dialect  - HHH000400: Using dialect: org.hibernate.dialect.MySQL5Dialect
  [main] INFO  org.hibernate.orm.connections.access  - HHH10001501: Connection obtained from JdbcConnectionAccess [org.hibernate.engine.jdbc.env.internal.JdbcEnvironmentInitiator$ConnectionProviderJdbcConnectionAccess@2fcd7d3f] for (non-JTA) DDL execution was not in auto-commit mode; the Connection 'local transaction' will be committed and the Connection will be set into auto-commit mode.
  [main] INFO  student.inherit.App  - 4
  [main] INFO  student.inherit.App  - 
Press 1 - Register Student 
Press 2 - Register as NON IT 
Press 3 - Rgister as IT 
Press 4 - Fetch Student Detail 
Press 5 - Fetch All Students 
Press 6 - Remove Student 
Press 7 - Exit
  [main] INFO  student.inherit.App  - Enter your choice : 
  [main] INFO  student.inherit.App  - Enter First Name : 
  [main] INFO  student.inherit.App  - Enter Last Name : 
  [main] INFO  student.inherit.App  - Enter Contact NO : 
  [main] DEBUG org.jboss.logging  - Logging Provider: org.jboss.logging.Log4jLoggerProvider
  [main] INFO  org.hibernate.Version  - HHH000412: Hibernate ORM core version 5.6.11.Final
  [main] INFO  org.hibernate.annotations.common.Version  - HCANN000001: Hibernate Commons Annotations {5.1.2.Final}
  [main] WARN  org.hibernate.orm.connections.pooling  - HHH10001002: Using Hibernate built-in connection pool (not for production use!)
  [main] INFO  org.hibernate.orm.connections.pooling  - HHH10001005: using driver [com.mysql.cj.jdbc.Driver] at URL [jdbc:mysql://localhost:3306/student]
  [main] INFO  org.hibernate.orm.connections.pooling  - HHH10001001: Connection properties: {password=****, user=root}
  [main] INFO  org.hibernate.orm.connections.pooling  - HHH10001003: Autocommit mode: false
  [main] INFO  org.hibernate.engine.jdbc.connections.internal.DriverManagerConnectionProviderImpl  - HHH000115: Hibernate connection pool size: 20 (min=1)
  [main] INFO  org.hibernate.dialect.Dialect  - HHH000400: Using dialect: org.hibernate.dialect.MySQL5Dialect
  [main] INFO  org.hibernate.orm.connections.access  - HHH10001501: Connection obtained from JdbcConnectionAccess [org.hibernate.engine.jdbc.env.internal.JdbcEnvironmentInitiator$ConnectionProviderJdbcConnectionAccess@ed91d8d] for (non-JTA) DDL execution was not in auto-commit mode; the Connection 'local transaction' will be committed and the Connection will be set into auto-commit mode.
  [main] INFO  student.inherit.App  - 5
  [main] INFO  student.inherit.App  - 
Press 1 - Register Student 
Press 2 - Register as NON IT 
Press 3 - Rgister as IT 
Press 4 - Fetch Student Detail 
Press 5 - Fetch All Students 
Press 6 - Remove Student 
Press 7 - Exit
  [main] INFO  student.inherit.App  - Enter your choice : 
  [main] INFO  student.inherit.App  - Enter First Name : 
  [main] INFO  student.inherit.App  - Enter Last Name : 
  [main] INFO  student.inherit.App  - Enter Contact NO : 
  [main] DEBUG org.jboss.logging  - Logging Provider: org.jboss.logging.Log4jLoggerProvider
  [main] INFO  org.hibernate.Version  - HHH000412: Hibernate ORM core version 5.6.11.Final
  [main] INFO  org.hibernate.annotations.common.Version  - HCANN000001: Hibernate Commons Annotations {5.1.2.Final}
  [main] WARN  org.hibernate.orm.connections.pooling  - HHH10001002: Using Hibernate built-in connection pool (not for production use!)
  [main] INFO  org.hibernate.orm.connections.pooling  - HHH10001005: using driver [com.mysql.cj.jdbc.Driver] at URL [jdbc:mysql://localhost:3306/student]
  [main] INFO  org.hibernate.orm.connections.pooling  - HHH10001001: Connection properties: {password=****, user=root}
  [main] INFO  org.hibernate.orm.connections.pooling  - HHH10001003: Autocommit mode: false
  [main] INFO  org.hibernate.engine.jdbc.connections.internal.DriverManagerConnectionProviderImpl  - HHH000115: Hibernate connection pool size: 20 (min=1)
  [main] INFO  org.hibernate.dialect.Dialect  - HHH000400: Using dialect: org.hibernate.dialect.MySQL5Dialect
  [main] INFO  org.hibernate.orm.connections.access  - HHH10001501: Connection obtained from JdbcConnectionAccess [org.hibernate.engine.jdbc.env.internal.JdbcEnvironmentInitiator$ConnectionProviderJdbcConnectionAccess@ed91d8d] for (non-JTA) DDL execution was not in auto-commit mode; the Connection 'local transaction' will be committed and the Connection will be set into auto-commit mode.
  [main] INFO  student.inherit.App  - 6
  [main] INFO  student.inherit.App  - Student added successfully.
  [main] INFO  student.inherit.App  - 
Press 1 - Register Student 
Press 2 - Register as NON IT 
Press 3 - Rgister as IT 
Press 4 - Fetch Student Detail 
Press 5 - Fetch All Students 
Press 6 - Remove Student 
Press 7 - Exit
  [main] INFO  student.inherit.App  - Enter your choice : 
  [main] INFO  student.inherit.App  - 
Press 1 - Register Student 
Press 2 - Register as NON IT 
Press 3 - Rgister as IT 
Press 4 - Fetch Student Detail 
Press 5 - Fetch All Students 
Press 6 - Remove Student 
Press 7 - Exit
  [main] INFO  student.inherit.App  - Enter your choice : 
  [main] DEBUG org.jboss.logging  - Logging Provider: org.jboss.logging.Log4jLoggerProvider
  [main] INFO  org.hibernate.Version  - HHH000412: Hibernate ORM core version 5.6.11.Final
  [main] INFO  org.hibernate.annotations.common.Version  - HCANN000001: Hibernate Commons Annotations {5.1.2.Final}
  [main] WARN  org.hibernate.orm.connections.pooling  - HHH10001002: Using Hibernate built-in connection pool (not for production use!)
  [main] INFO  org.hibernate.orm.connections.pooling  - HHH10001005: using driver [com.mysql.cj.jdbc.Driver] at URL [jdbc:mysql://localhost:3306/student]
  [main] INFO  org.hibernate.orm.connections.pooling  - HHH10001001: Connection properties: {password=****, user=root}
  [main] INFO  org.hibernate.orm.connections.pooling  - HHH10001003: Autocommit mode: false
  [main] INFO  org.hibernate.engine.jdbc.connections.internal.DriverManagerConnectionProviderImpl  - HHH000115: Hibernate connection pool size: 20 (min=1)
  [main] INFO  org.hibernate.dialect.Dialect  - HHH000400: Using dialect: org.hibernate.dialect.MySQL5Dialect
  [main] INFO  org.hibernate.orm.connections.access  - HHH10001501: Connection obtained from JdbcConnectionAccess [org.hibernate.engine.jdbc.env.internal.JdbcEnvironmentInitiator$ConnectionProviderJdbcConnectionAccess@ed91d8d] for (non-JTA) DDL execution was not in auto-commit mode; the Connection 'local transaction' will be committed and the Connection will be set into auto-commit mode.
  [main] INFO  student.inherit.App  - 
stud(stId=1, stFirst=k, stLast=k, Phone=k)
  [main] INFO  student.inherit.App  - 
stud(stId=2, stFirst=k, stLast=k, Phone=k)
  [main] INFO  student.inherit.App  - 
stud(stId=3, stFirst=p, stLast=p, Phone=p)
  [main] INFO  student.inherit.App  - 
stud(stId=4, stFirst=m, stLast=n, Phone=m)
  [main] INFO  student.inherit.App  - 
stud(stId=5, stFirst=l, stLast=m, Phone=n)
  [main] INFO  student.inherit.App  - 
stud(stId=6, stFirst=j, stLast=k, Phone=m)
  [main] INFO  student.inherit.App  - 
Press 1 - Register Student 
Press 2 - Register as NON IT 
Press 3 - Rgister as IT 
Press 4 - Fetch Student Detail 
Press 5 - Fetch All Students 
Press 6 - Remove Student 
Press 7 - Exit
  [main] INFO  student.inherit.App  - Enter your choice : 
  [main] INFO  student.inherit.App  - Enter First Name : 
  [main] INFO  student.inherit.App  - Enter Last Name : 
  [main] INFO  student.inherit.App  - Enter Contact NO : 
  [main] INFO  student.inherit.App  - Enter Program Name : 
  [main] INFO  student.inherit.App  - Enter Your Major
  [main] INFO  student.inherit.App  - Enter Academic Year : 
  [main] INFO  student.inherit.App  - 
Press 1 - Register Student 
Press 2 - Register as NON IT 
Press 3 - Rgister as IT 
Press 4 - Fetch Student Detail 
Press 5 - Fetch All Students 
Press 6 - Remove Student 
Press 7 - Exit
  [main] INFO  student.inherit.App  - Enter your choice : 
  [main] INFO  student.inherit.App  - Enter First Name : 
  [main] INFO  student.inherit.App  - Enter Last Name : 
  [main] INFO  student.inherit.App  - Enter Contact NO : 
  [main] INFO  student.inherit.App  - Enter Sector Name : 
  [main] INFO  student.inherit.App  - Enter Your Domain
  [main] INFO  student.inherit.App  - Enter Semester : 
  [main] DEBUG org.jboss.logging  - Logging Provider: org.jboss.logging.Log4jLoggerProvider
  [main] INFO  org.hibernate.Version  - HHH000412: Hibernate ORM core version 5.6.11.Final
  [main] INFO  org.hibernate.annotations.common.Version  - HCANN000001: Hibernate Commons Annotations {5.1.2.Final}
  [main] WARN  org.hibernate.orm.connections.pooling  - HHH10001002: Using Hibernate built-in connection pool (not for production use!)
  [main] INFO  org.hibernate.orm.connections.pooling  - HHH10001005: using driver [com.mysql.cj.jdbc.Driver] at URL [jdbc:mysql://localhost:3306/student]
  [main] INFO  org.hibernate.orm.connections.pooling  - HHH10001001: Connection properties: {password=****, user=root}
  [main] INFO  org.hibernate.orm.connections.pooling  - HHH10001003: Autocommit mode: false
  [main] INFO  org.hibernate.engine.jdbc.connections.internal.DriverManagerConnectionProviderImpl  - HHH000115: Hibernate connection pool size: 20 (min=1)
  [main] INFO  org.hibernate.dialect.Dialect  - HHH000400: Using dialect: org.hibernate.dialect.MySQL5Dialect
  [main] INFO  org.hibernate.orm.connections.access  - HHH10001501: Connection obtained from JdbcConnectionAccess [org.hibernate.engine.jdbc.env.internal.JdbcEnvironmentInitiator$ConnectionProviderJdbcConnectionAccess@ed91d8d] for (non-JTA) DDL execution was not in auto-commit mode; the Connection 'local transaction' will be committed and the Connection will be set into auto-commit mode.
  [main] INFO  student.inherit.App  - 
Press 1 - Register Student 
Press 2 - Register as NON IT 
Press 3 - Rgister as IT 
Press 4 - Fetch Student Detail 
Press 5 - Fetch All Students 
Press 6 - Remove Student 
Press 7 - Exit
  [main] INFO  student.inherit.App  - Enter your choice : 
  [main] INFO  student.inherit.App  - Enter First Name : 
  [main] INFO  student.inherit.App  - Enter Last Name : 
  [main] INFO  student.inherit.App  - Enter Contact NO : 
  [main] INFO  student.inherit.App  - Enter Program Name : 
  [main] INFO  student.inherit.App  - Enter Your Major
  [main] INFO  student.inherit.App  - Enter Academic Year : 
  [main] DEBUG org.jboss.logging  - Logging Provider: org.jboss.logging.Log4jLoggerProvider
  [main] INFO  org.hibernate.Version  - HHH000412: Hibernate ORM core version 5.6.11.Final
  [main] INFO  org.hibernate.annotations.common.Version  - HCANN000001: Hibernate Commons Annotations {5.1.2.Final}
  [main] WARN  org.hibernate.orm.connections.pooling  - HHH10001002: Using Hibernate built-in connection pool (not for production use!)
  [main] INFO  org.hibernate.orm.connections.pooling  - HHH10001005: using driver [com.mysql.cj.jdbc.Driver] at URL [jdbc:mysql://localhost:3306/student]
  [main] INFO  org.hibernate.orm.connections.pooling  - HHH10001001: Connection properties: {password=****, user=root}
  [main] INFO  org.hibernate.orm.connections.pooling  - HHH10001003: Autocommit mode: false
  [main] INFO  org.hibernate.engine.jdbc.connections.internal.DriverManagerConnectionProviderImpl  - HHH000115: Hibernate connection pool size: 20 (min=1)
  [main] INFO  org.hibernate.dialect.Dialect  - HHH000400: Using dialect: org.hibernate.dialect.MySQL5Dialect
  [main] INFO  org.hibernate.orm.connections.access  - HHH10001501: Connection obtained from JdbcConnectionAccess [org.hibernate.engine.jdbc.env.internal.JdbcEnvironmentInitiator$ConnectionProviderJdbcConnectionAccess@ed91d8d] for (non-JTA) DDL execution was not in auto-commit mode; the Connection 'local transaction' will be committed and the Connection will be set into auto-commit mode.
  [main] INFO  student.inherit.App  - 
Press 1 - Register Student 
Press 2 - Register as NON IT 
Press 3 - Rgister as IT 
Press 4 - Fetch Student Detail 
Press 5 - Fetch All Students 
Press 6 - Remove Student 
Press 7 - Exit
  [main] INFO  student.inherit.App  - Enter your choice : 
  [main] INFO  student.inherit.App  - Enter First Name : 
  [main] INFO  student.inherit.App  - Enter Last Name : 
  [main] INFO  student.inherit.App  - Enter Contact NO : 
  [main] INFO  student.inherit.App  - Enter Program Name : 
  [main] INFO  student.inherit.App  - Enter Your Major
  [main] INFO  student.inherit.App  - Enter Academic Year : 
  [main] DEBUG org.jboss.logging  - Logging Provider: org.jboss.logging.Log4jLoggerProvider
  [main] INFO  org.hibernate.Version  - HHH000412: Hibernate ORM core version 5.6.11.Final
  [main] INFO  org.hibernate.annotations.common.Version  - HCANN000001: Hibernate Commons Annotations {5.1.2.Final}
  [main] WARN  org.hibernate.orm.connections.pooling  - HHH10001002: Using Hibernate built-in connection pool (not for production use!)
  [main] INFO  org.hibernate.orm.connections.pooling  - HHH10001005: using driver [com.mysql.cj.jdbc.Driver] at URL [jdbc:mysql://localhost:3306/student]
  [main] INFO  org.hibernate.orm.connections.pooling  - HHH10001001: Connection properties: {password=****, user=root}
  [main] INFO  org.hibernate.orm.connections.pooling  - HHH10001003: Autocommit mode: false
  [main] INFO  org.hibernate.engine.jdbc.connections.internal.DriverManagerConnectionProviderImpl  - HHH000115: Hibernate connection pool size: 20 (min=1)
  [main] INFO  org.hibernate.dialect.Dialect  - HHH000400: Using dialect: org.hibernate.dialect.MySQL5Dialect
  [main] INFO  org.hibernate.orm.connections.access  - HHH10001501: Connection obtained from JdbcConnectionAccess [org.hibernate.engine.jdbc.env.internal.JdbcEnvironmentInitiator$ConnectionProviderJdbcConnectionAccess@27755487] for (non-JTA) DDL execution was not in auto-commit mode; the Connection 'local transaction' will be committed and the Connection will be set into auto-commit mode.
  [main] INFO  student.inherit.App  - 
Press 1 - Register Student 
Press 2 - Register as NON IT 
Press 3 - Rgister as IT 
Press 4 - Fetch Student Detail 
Press 5 - Fetch All Students 
Press 6 - Remove Student 
Press 7 - Exit
  [main] INFO  student.inherit.App  - Enter your choice : 
  [main] INFO  student.inherit.App  - Enter First Name : 
  [main] INFO  student.inherit.App  - Enter Last Name : 
  [main] INFO  student.inherit.App  - Enter Contact NO : 
  [main] INFO  student.inherit.App  - Enter Sector Name : 
  [main] INFO  student.inherit.App  - Enter Your Domain
  [main] INFO  student.inherit.App  - Enter Semester : 
  [main] INFO  student.inherit.App  - 
Press 1 - Register Student 
Press 2 - Register as NON IT 
Press 3 - Rgister as IT 
Press 4 - Fetch Student Detail 
Press 5 - Fetch All Students 
Press 6 - Remove Student 
Press 7 - Exit
  [main] INFO  student.inherit.App  - Enter your choice : 
  [main] INFO  student.inherit.App  - Enter Student Id
  [main] INFO  org.hibernate.event.internal.DefaultLoadEventListener  - HHH000327: Error performing load command
  org.hibernate.WrongClassException: Object [id=1] was not of the specified subclass [student.inherit.stud] : Discriminator: 
	at org.hibernate.loader.plan.exec.process.internal.EntityReferenceInitializerImpl.getConcreteEntityTypeName(EntityReferenceInitializerImpl.java:455)
	at org.hibernate.loader.plan.exec.process.internal.EntityReferenceInitializerImpl.hydrateEntityState(EntityReferenceInitializerImpl.java:253)
	at org.hibernate.loader.plan.exec.process.internal.AbstractRowReader.readRow(AbstractRowReader.java:80)
	at org.hibernate.loader.plan.exec.internal.EntityLoadQueryDetails$EntityLoaderRowReader.readRow(EntityLoadQueryDetails.java:288)
	at org.hibernate.loader.plan.exec.process.internal.ResultSetProcessorImpl.extractRows(ResultSetProcessorImpl.java:157)
	at org.hibernate.loader.plan.exec.process.internal.ResultSetProcessorImpl.extractResults(ResultSetProcessorImpl.java:94)
	at org.hibernate.loader.plan.exec.internal.AbstractLoadPlanBasedLoader.executeLoad(AbstractLoadPlanBasedLoader.java:105)
	at org.hibernate.loader.entity.plan.AbstractLoadPlanBasedEntityLoader.load(AbstractLoadPlanBasedEntityLoader.java:285)
	at org.hibernate.persister.entity.AbstractEntityPersister.doLoad(AbstractEntityPersister.java:4521)
	at org.hibernate.persister.entity.AbstractEntityPersister.load(AbstractEntityPersister.java:4511)
	at org.hibernate.event.internal.DefaultLoadEventListener.loadFromDatasource(DefaultLoadEventListener.java:571)
	at org.hibernate.event.internal.DefaultLoadEventListener.doLoad(DefaultLoadEventListener.java:539)
	at org.hibernate.event.internal.DefaultLoadEventListener.load(DefaultLoadEventListener.java:208)
	at org.hibernate.event.internal.DefaultLoadEventListener.doOnLoad(DefaultLoadEventListener.java:103)
	at org.hibernate.event.internal.DefaultLoadEventListener.onLoad(DefaultLoadEventListener.java:74)
	at org.hibernate.event.service.internal.EventListenerGroupImpl.fireEventOnEachListener(EventListenerGroupImpl.java:118)
	at org.hibernate.internal.SessionImpl.fireLoadNoChecks(SessionImpl.java:1231)
	at org.hibernate.internal.SessionImpl.immediateLoad(SessionImpl.java:1043)
	at org.hibernate.proxy.AbstractLazyInitializer.initialize(AbstractLazyInitializer.java:185)
	at org.hibernate.proxy.AbstractLazyInitializer.getImplementation(AbstractLazyInitializer.java:322)
	at org.hibernate.proxy.pojo.bytebuddy.ByteBuddyInterceptor.intercept(ByteBuddyInterceptor.java:45)
	at org.hibernate.proxy.ProxyConfiguration$InterceptorDispatcher.intercept(ProxyConfiguration.java:95)
	at student.inherit.stud$HibernateProxy$tyVJK6j9.toString(Unknown Source)
	at org.apache.log4j.or.DefaultRenderer.doRender(DefaultRenderer.java:37)
	at org.apache.log4j.or.RendererMap.findAndRender(RendererMap.java:80)
	at org.apache.log4j.spi.LoggingEvent.getRenderedMessage(LoggingEvent.java:368)
	at org.apache.log4j.helpers.PatternParser$BasicPatternConverter.convert(PatternParser.java:402)
	at org.apache.log4j.helpers.PatternConverter.format(PatternConverter.java:65)
	at org.apache.log4j.PatternLayout.format(PatternLayout.java:506)
	at org.apache.log4j.WriterAppender.subAppend(WriterAppender.java:310)
	at org.apache.log4j.WriterAppender.append(WriterAppender.java:162)
	at org.apache.log4j.AppenderSkeleton.doAppend(AppenderSkeleton.java:251)
	at org.apache.log4j.helpers.AppenderAttachableImpl.appendLoopOnAppenders(AppenderAttachableImpl.java:66)
	at org.apache.log4j.Category.callAppenders(Category.java:206)
	at org.apache.log4j.Category.forcedLog(Category.java:391)
	at org.apache.log4j.Category.info(Category.java:666)
	at student.inherit.App.main(App.java:119)
[main] INFO  student.inherit.App  - org.hibernate.WrongClassException: Object [id=1] was not of the specified subclass [student.inherit.stud] : Discriminator: 
  [main] INFO  student.inherit.App  - 
Press 1 - Register Student 
Press 2 - Register as NON IT 
Press 3 - Rgister as IT 
Press 4 - Fetch Student Detail 
Press 5 - Fetch All Students 
Press 6 - Remove Student 
Press 7 - Exit
  [main] INFO  student.inherit.App  - Enter your choice : 
  [main] INFO  student.inherit.App  - 
Press 1 - Register Student 
Press 2 - Register as NON IT 
Press 3 - Rgister as IT 
Press 4 - Fetch Student Detail 
Press 5 - Fetch All Students 
Press 6 - Remove Student 
Press 7 - Exit
  [main] INFO  student.inherit.App  - Enter your choice : 
  [main] DEBUG org.jboss.logging  - Logging Provider: org.jboss.logging.Log4jLoggerProvider
  [main] INFO  org.hibernate.Version  - HHH000412: Hibernate ORM core version 5.6.11.Final
  [main] INFO  org.hibernate.annotations.common.Version  - HCANN000001: Hibernate Commons Annotations {5.1.2.Final}
  [main] WARN  org.hibernate.orm.connections.pooling  - HHH10001002: Using Hibernate built-in connection pool (not for production use!)
  [main] INFO  org.hibernate.orm.connections.pooling  - HHH10001005: using driver [com.mysql.cj.jdbc.Driver] at URL [jdbc:mysql://localhost:3306/student]
  [main] INFO  org.hibernate.orm.connections.pooling  - HHH10001001: Connection properties: {password=****, user=root}
  [main] INFO  org.hibernate.orm.connections.pooling  - HHH10001003: Autocommit mode: false
  [main] INFO  org.hibernate.engine.jdbc.connections.internal.DriverManagerConnectionProviderImpl  - HHH000115: Hibernate connection pool size: 20 (min=1)
  [main] INFO  org.hibernate.dialect.Dialect  - HHH000400: Using dialect: org.hibernate.dialect.MySQL5Dialect
  [main] INFO  org.hibernate.orm.connections.access  - HHH10001501: Connection obtained from JdbcConnectionAccess [org.hibernate.engine.jdbc.env.internal.JdbcEnvironmentInitiator$ConnectionProviderJdbcConnectionAccess@27755487] for (non-JTA) DDL execution was not in auto-commit mode; the Connection 'local transaction' will be committed and the Connection will be set into auto-commit mode.
  [main] INFO  student.inherit.App  - 
Press 1 - Register Student 
Press 2 - Register as NON IT 
Press 3 - Rgister as IT 
Press 4 - Fetch Student Detail 
Press 5 - Fetch All Students 
Press 6 - Remove Student 
Press 7 - Exit
  [main] INFO  student.inherit.App  - Enter your choice : 
  [main] DEBUG org.jboss.logging  - Logging Provider: org.jboss.logging.Log4jLoggerProvider
  [main] INFO  org.hibernate.Version  - HHH000412: Hibernate ORM core version 5.6.11.Final
  [main] INFO  org.hibernate.annotations.common.Version  - HCANN000001: Hibernate Commons Annotations {5.1.2.Final}
  [main] WARN  org.hibernate.orm.connections.pooling  - HHH10001002: Using Hibernate built-in connection pool (not for production use!)
  [main] INFO  org.hibernate.orm.connections.pooling  - HHH10001005: using driver [com.mysql.cj.jdbc.Driver] at URL [jdbc:mysql://localhost:3306/student]
  [main] INFO  org.hibernate.orm.connections.pooling  - HHH10001001: Connection properties: {password=****, user=root}
  [main] INFO  org.hibernate.orm.connections.pooling  - HHH10001003: Autocommit mode: false
  [main] INFO  org.hibernate.engine.jdbc.connections.internal.DriverManagerConnectionProviderImpl  - HHH000115: Hibernate connection pool size: 20 (min=1)
  [main] INFO  org.hibernate.dialect.Dialect  - HHH000400: Using dialect: org.hibernate.dialect.MySQL5Dialect
  [main] INFO  org.hibernate.orm.connections.access  - HHH10001501: Connection obtained from JdbcConnectionAccess [org.hibernate.engine.jdbc.env.internal.JdbcEnvironmentInitiator$ConnectionProviderJdbcConnectionAccess@27755487] for (non-JTA) DDL execution was not in auto-commit mode; the Connection 'local transaction' will be committed and the Connection will be set into auto-commit mode.
  [main] INFO  student.inherit.App  - 
Press 1 - Register Student 
Press 2 - Register as NON IT 
Press 3 - Rgister as IT 
Press 4 - Fetch Student Detail 
Press 5 - Fetch All Students 
Press 6 - Remove Student 
Press 7 - Exit
  [main] INFO  student.inherit.App  - Enter your choice : 
  [main] DEBUG org.jboss.logging  - Logging Provider: org.jboss.logging.Log4jLoggerProvider
  [main] INFO  org.hibernate.Version  - HHH000412: Hibernate ORM core version 5.6.11.Final
  [main] INFO  org.hibernate.annotations.common.Version  - HCANN000001: Hibernate Commons Annotations {5.1.2.Final}
  [main] WARN  org.hibernate.orm.connections.pooling  - HHH10001002: Using Hibernate built-in connection pool (not for production use!)
  [main] INFO  org.hibernate.orm.connections.pooling  - HHH10001005: using driver [com.mysql.cj.jdbc.Driver] at URL [jdbc:mysql://localhost:3306/student]
  [main] INFO  org.hibernate.orm.connections.pooling  - HHH10001001: Connection properties: {password=****, user=root}
  [main] INFO  org.hibernate.orm.connections.pooling  - HHH10001003: Autocommit mode: false
  [main] INFO  org.hibernate.engine.jdbc.connections.internal.DriverManagerConnectionProviderImpl  - HHH000115: Hibernate connection pool size: 20 (min=1)
  [main] INFO  org.hibernate.dialect.Dialect  - HHH000400: Using dialect: org.hibernate.dialect.MySQL5Dialect
  [main] INFO  org.hibernate.orm.connections.access  - HHH10001501: Connection obtained from JdbcConnectionAccess [org.hibernate.engine.jdbc.env.internal.JdbcEnvironmentInitiator$ConnectionProviderJdbcConnectionAccess@4f0cab0a] for (non-JTA) DDL execution was not in auto-commit mode; the Connection 'local transaction' will be committed and the Connection will be set into auto-commit mode.
  [main] INFO  student.inherit.App  - 
Press 1 - Register Student 
Press 2 - Register as NON IT 
Press 3 - Rgister as IT 
Press 4 - Fetch Student Detail 
Press 5 - Fetch All Students 
Press 6 - Remove Student 
Press 7 - Exit
  [main] INFO  student.inherit.App  - Enter your choice : 
  [main] INFO  student.inherit.App  - 
Press 1 - Register Student 
Press 2 - Register as NON IT 
Press 3 - Rgister as IT 
Press 4 - Fetch Student Detail 
Press 5 - Fetch All Students 
Press 6 - Remove Student 
Press 7 - Exit
  [main] INFO  student.inherit.App  - Enter your choice : 
  [main] INFO  student.inherit.App  - Enter Student Id
  [main] INFO  student.inherit.App  - 
Press 1 - Register Student 
Press 2 - Register as NON IT 
Press 3 - Rgister as IT 
Press 4 - Fetch Student Detail 
Press 5 - Fetch All Students 
Press 6 - Remove Student 
Press 7 - Exit
  [main] INFO  student.inherit.App  - Enter your choice : 
  [main] INFO  student.inherit.App  - Enter First Name : 
  [main] INFO  student.inherit.App  - Enter Last Name : 
  [main] INFO  student.inherit.App  - Enter Contact NO : 
  [main] INFO  student.inherit.App  - Enter Sector Name : 
  [main] INFO  student.inherit.App  - Enter Your Domain
  [main] INFO  student.inherit.App  - Enter Semester : 
  [main] DEBUG org.jboss.logging  - Logging Provider: org.jboss.logging.Log4jLoggerProvider
  [main] INFO  org.hibernate.Version  - HHH000412: Hibernate ORM core version 5.6.11.Final
  [main] INFO  org.hibernate.annotations.common.Version  - HCANN000001: Hibernate Commons Annotations {5.1.2.Final}
  [main] WARN  org.hibernate.orm.connections.pooling  - HHH10001002: Using Hibernate built-in connection pool (not for production use!)
  [main] INFO  org.hibernate.orm.connections.pooling  - HHH10001005: using driver [com.mysql.cj.jdbc.Driver] at URL [jdbc:mysql://localhost:3306/student]
  [main] INFO  org.hibernate.orm.connections.pooling  - HHH10001001: Connection properties: {password=****, user=root}
  [main] INFO  org.hibernate.orm.connections.pooling  - HHH10001003: Autocommit mode: false
  [main] INFO  org.hibernate.engine.jdbc.connections.internal.DriverManagerConnectionProviderImpl  - HHH000115: Hibernate connection pool size: 20 (min=1)
  [main] INFO  org.hibernate.dialect.Dialect  - HHH000400: Using dialect: org.hibernate.dialect.MySQL5Dialect
  [main] INFO  org.hibernate.orm.connections.access  - HHH10001501: Connection obtained from JdbcConnectionAccess [org.hibernate.engine.jdbc.env.internal.JdbcEnvironmentInitiator$ConnectionProviderJdbcConnectionAccess@27755487] for (non-JTA) DDL execution was not in auto-commit mode; the Connection 'local transaction' will be committed and the Connection will be set into auto-commit mode.
  [main] INFO  student.inherit.App  - 
Press 1 - Register Student 
Press 2 - Register as NON IT 
Press 3 - Rgister as IT 
Press 4 - Fetch Student Detail 
Press 5 - Fetch All Students 
Press 6 - Remove Student 
Press 7 - Exit
  [main] INFO  student.inherit.App  - Enter your choice : 
  [main] INFO  student.inherit.App  - 
Press 1 - Register Student 
Press 2 - Register as NON IT 
Press 3 - Rgister as IT 
Press 4 - Fetch Student Detail 
Press 5 - Fetch All Students 
Press 6 - Remove Student 
Press 7 - Exit
  [main] INFO  student.inherit.App  - Enter your choice : 
  [main] DEBUG org.jboss.logging  - Logging Provider: org.jboss.logging.Log4jLoggerProvider
  [main] INFO  org.hibernate.Version  - HHH000412: Hibernate ORM core version 5.6.11.Final
  [main] INFO  org.hibernate.annotations.common.Version  - HCANN000001: Hibernate Commons Annotations {5.1.2.Final}
  [main] WARN  org.hibernate.orm.connections.pooling  - HHH10001002: Using Hibernate built-in connection pool (not for production use!)
  [main] INFO  org.hibernate.orm.connections.pooling  - HHH10001005: using driver [com.mysql.cj.jdbc.Driver] at URL [jdbc:mysql://localhost:3306/student]
  [main] INFO  org.hibernate.orm.connections.pooling  - HHH10001001: Connection properties: {password=****, user=root}
  [main] INFO  org.hibernate.orm.connections.pooling  - HHH10001003: Autocommit mode: false
  [main] INFO  org.hibernate.engine.jdbc.connections.internal.DriverManagerConnectionProviderImpl  - HHH000115: Hibernate connection pool size: 20 (min=1)
  [main] INFO  org.hibernate.dialect.Dialect  - HHH000400: Using dialect: org.hibernate.dialect.MySQL5Dialect
  [main] INFO  org.hibernate.orm.connections.access  - HHH10001501: Connection obtained from JdbcConnectionAccess [org.hibernate.engine.jdbc.env.internal.JdbcEnvironmentInitiator$ConnectionProviderJdbcConnectionAccess@4f0cab0a] for (non-JTA) DDL execution was not in auto-commit mode; the Connection 'local transaction' will be committed and the Connection will be set into auto-commit mode.
  [main] INFO  student.inherit.App  - 
IT(sector=4, sem=4, domain=4)
  [main] INFO  student.inherit.App  - 
Press 1 - Register Student 
Press 2 - Register as NON IT 
Press 3 - Rgister as IT 
Press 4 - Fetch Student Detail 
Press 5 - Fetch All Students 
Press 6 - Remove Student 
Press 7 - Exit
  [main] INFO  student.inherit.App  - Enter your choice : 
  [main] INFO  student.inherit.App  - Enter Student Id
  [main] INFO  student.inherit.App  - IT(sector=4, sem=4, domain=4)
  [main] INFO  student.inherit.App  - 
Press 1 - Register Student 
Press 2 - Register as NON IT 
Press 3 - Rgister as IT 
Press 4 - Fetch Student Detail 
Press 5 - Fetch All Students 
Press 6 - Remove Student 
Press 7 - Exit
  [main] INFO  student.inherit.App  - Enter your choice : 
  [main] INFO  student.inherit.App  - Enter First Name : 
  [main] INFO  student.inherit.App  - Enter Last Name : 
  [main] INFO  student.inherit.App  - Enter Contact NO : 
  [main] INFO  student.inherit.App  - 2
  [main] INFO  student.inherit.App  - Student added successfully.
  [main] INFO  student.inherit.App  - 
Press 1 - Register Student 
Press 2 - Register as NON IT 
Press 3 - Rgister as IT 
Press 4 - Fetch Student Detail 
Press 5 - Fetch All Students 
Press 6 - Remove Student 
Press 7 - Exit
  [main] INFO  student.inherit.App  - Enter your choice : 
  [main] INFO  student.inherit.App  - Enter First Name : 
  [main] INFO  student.inherit.App  - Enter Last Name : 
  [main] INFO  student.inherit.App  - Enter Contact NO : 
  [main] INFO  student.inherit.App  - Enter Program Name : 
  [main] INFO  student.inherit.App  - Enter Your Major
  [main] INFO  student.inherit.App  - Enter Academic Year : 
  [main] INFO  student.inherit.App  - 
Press 1 - Register Student 
Press 2 - Register as NON IT 
Press 3 - Rgister as IT 
Press 4 - Fetch Student Detail 
Press 5 - Fetch All Students 
Press 6 - Remove Student 
Press 7 - Exit
  [main] INFO  student.inherit.App  - Enter your choice : 
  [main] INFO  student.inherit.App  - 
IT(sector=4, sem=4, domain=4)
  [main] INFO  student.inherit.App  - 
stud(stId=2, stFirst=5, stLast=5, Phone=5)
  [main] INFO  student.inherit.App  - 
NonIT(program=6, year=6, major=6)
  [main] INFO  student.inherit.App  - 
Press 1 - Register Student 
Press 2 - Register as NON IT 
Press 3 - Rgister as IT 
Press 4 - Fetch Student Detail 
Press 5 - Fetch All Students 
Press 6 - Remove Student 
Press 7 - Exit
  [main] INFO  student.inherit.App  - Enter your choice : 
  [main] INFO  student.inherit.App  - 
IT(sector=4, sem=4, domain=4)
  [main] INFO  student.inherit.App  - 
stud(stId=2, stFirst=5, stLast=5, Phone=5)
  [main] INFO  student.inherit.App  - 
NonIT(program=6, year=6, major=6)
  [main] INFO  student.inherit.App  - 
Press 1 - Register Student 
Press 2 - Register as NON IT 
Press 3 - Rgister as IT 
Press 4 - Fetch Student Detail 
Press 5 - Fetch All Students 
Press 6 - Remove Student 
Press 7 - Exit
  [main] INFO  student.inherit.App  - Enter your choice : 
  [main] INFO  student.inherit.App  - 
Press 1 - Register Student 
Press 2 - Register as NON IT 
Press 3 - Rgister as IT 
Press 4 - Fetch Student Detail 
Press 5 - Fetch All Students 
Press 6 - Remove Student 
Press 7 - Exit
  [main] INFO  student.inherit.App  - Enter your choice : 
  [main] DEBUG org.jboss.logging  - Logging Provider: org.jboss.logging.Log4jLoggerProvider
  [main] INFO  org.hibernate.Version  - HHH000412: Hibernate ORM core version 5.6.11.Final
  [main] INFO  org.hibernate.annotations.common.Version  - HCANN000001: Hibernate Commons Annotations {5.1.2.Final}
  [main] WARN  org.hibernate.orm.connections.pooling  - HHH10001002: Using Hibernate built-in connection pool (not for production use!)
  [main] INFO  org.hibernate.orm.connections.pooling  - HHH10001005: using driver [com.mysql.cj.jdbc.Driver] at URL [jdbc:mysql://localhost:3306/student]
  [main] INFO  org.hibernate.orm.connections.pooling  - HHH10001001: Connection properties: {password=****, user=root}
  [main] INFO  org.hibernate.orm.connections.pooling  - HHH10001003: Autocommit mode: false
  [main] INFO  org.hibernate.engine.jdbc.connections.internal.DriverManagerConnectionProviderImpl  - HHH000115: Hibernate connection pool size: 20 (min=1)
  [main] INFO  org.hibernate.dialect.Dialect  - HHH000400: Using dialect: org.hibernate.dialect.MySQL5Dialect
  [main] INFO  org.hibernate.orm.connections.access  - HHH10001501: Connection obtained from JdbcConnectionAccess [org.hibernate.engine.jdbc.env.internal.JdbcEnvironmentInitiator$ConnectionProviderJdbcConnectionAccess@39bbd9e0] for (non-JTA) DDL execution was not in auto-commit mode; the Connection 'local transaction' will be committed and the Connection will be set into auto-commit mode.
  [main] INFO  student.inherit.App  - 
1 4 4 4
IT(sector=4, sem=4, domain=4)
  [main] INFO  student.inherit.App  - 
2 5 5 5
stud(stId=2, stFirst=5, stLast=5, Phone=5)
  [main] INFO  student.inherit.App  - 
3 6 6 6
NonIT(program=6, year=6, major=6)
  [main] INFO  student.inherit.App  - 
Press 1 - Register Student 
Press 2 - Register as NON IT 
Press 3 - Rgister as IT 
Press 4 - Fetch Student Detail 
Press 5 - Fetch All Students 
Press 6 - Remove Student 
Press 7 - Exit
  [main] INFO  student.inherit.App  - Enter your choice : 
  [main] INFO  student.inherit.App  - Enter Student Id
  [main] INFO  student.inherit.App  - 
Press 1 - Register Student 
Press 2 - Register as NON IT 
Press 3 - Rgister as IT 
Press 4 - Fetch Student Detail 
Press 5 - Fetch All Students 
Press 6 - Remove Student 
Press 7 - Exit
  [main] INFO  student.inherit.App  - Enter your choice : 
  [main] DEBUG org.jboss.logging  - Logging Provider: org.jboss.logging.Log4jLoggerProvider
  [main] INFO  org.hibernate.Version  - HHH000412: Hibernate ORM core version 5.6.11.Final
  [main] INFO  org.hibernate.annotations.common.Version  - HCANN000001: Hibernate Commons Annotations {5.1.2.Final}
  [main] WARN  org.hibernate.orm.connections.pooling  - HHH10001002: Using Hibernate built-in connection pool (not for production use!)
  [main] INFO  org.hibernate.orm.connections.pooling  - HHH10001005: using driver [com.mysql.cj.jdbc.Driver] at URL [jdbc:mysql://localhost:3306/student]
  [main] INFO  org.hibernate.orm.connections.pooling  - HHH10001001: Connection properties: {password=****, user=root}
  [main] INFO  org.hibernate.orm.connections.pooling  - HHH10001003: Autocommit mode: false
  [main] INFO  org.hibernate.engine.jdbc.connections.internal.DriverManagerConnectionProviderImpl  - HHH000115: Hibernate connection pool size: 20 (min=1)
  [main] INFO  org.hibernate.dialect.Dialect  - HHH000400: Using dialect: org.hibernate.dialect.MySQL5Dialect
  [main] INFO  org.hibernate.orm.connections.access  - HHH10001501: Connection obtained from JdbcConnectionAccess [org.hibernate.engine.jdbc.env.internal.JdbcEnvironmentInitiator$ConnectionProviderJdbcConnectionAccess@27755487] for (non-JTA) DDL execution was not in auto-commit mode; the Connection 'local transaction' will be committed and the Connection will be set into auto-commit mode.
  [main] INFO  student.inherit.App  - Enter Student Id
  [main] INFO  student.inherit.App  - 
Press 1 - Register Student 
Press 2 - Register as NON IT 
Press 3 - Rgister as IT 
Press 4 - Fetch Student Detail 
Press 5 - Fetch All Students 
Press 6 - Remove Student 
Press 7 - Exit
  [main] INFO  student.inherit.App  - Enter your choice : 
  [main] DEBUG org.jboss.logging  - Logging Provider: org.jboss.logging.Log4jLoggerProvider
  [main] INFO  org.hibernate.Version  - HHH000412: Hibernate ORM core version 5.6.11.Final
  [main] INFO  org.hibernate.annotations.common.Version  - HCANN000001: Hibernate Commons Annotations {5.1.2.Final}
  [main] WARN  org.hibernate.orm.connections.pooling  - HHH10001002: Using Hibernate built-in connection pool (not for production use!)
  [main] INFO  org.hibernate.orm.connections.pooling  - HHH10001005: using driver [com.mysql.cj.jdbc.Driver] at URL [jdbc:mysql://localhost:3306/student]
  [main] INFO  org.hibernate.orm.connections.pooling  - HHH10001001: Connection properties: {password=****, user=root}
  [main] INFO  org.hibernate.orm.connections.pooling  - HHH10001003: Autocommit mode: false
  [main] INFO  org.hibernate.engine.jdbc.connections.internal.DriverManagerConnectionProviderImpl  - HHH000115: Hibernate connection pool size: 20 (min=1)
  [main] INFO  org.hibernate.dialect.Dialect  - HHH000400: Using dialect: org.hibernate.dialect.MySQL5Dialect
  [main] INFO  org.hibernate.orm.connections.access  - HHH10001501: Connection obtained from JdbcConnectionAccess [org.hibernate.engine.jdbc.env.internal.JdbcEnvironmentInitiator$ConnectionProviderJdbcConnectionAccess@27755487] for (non-JTA) DDL execution was not in auto-commit mode; the Connection 'local transaction' will be committed and the Connection will be set into auto-commit mode.
  [main] INFO  student.inherit.App  - Enter Student Id
  [main] INFO  student.inherit.App  - 
5 got successfully deleted
  [main] INFO  student.inherit.App  - 
Press 1 - Register Student 
Press 2 - Register as NON IT 
Press 3 - Rgister as IT 
Press 4 - Fetch Student Detail 
Press 5 - Fetch All Students 
Press 6 - Remove Student 
Press 7 - Exit
  [main] INFO  student.inherit.App  - Enter your choice : 
  [main] INFO  student.inherit.App  - Enter First Name : 
  [main] INFO  student.inherit.App  - Enter Last Name : 
  [main] INFO  student.inherit.App  - Enter Contact NO : 
  [main] INFO  student.inherit.App  - Enter Program Name : 
  [main] INFO  student.inherit.App  - Enter Your Major
  [main] INFO  student.inherit.App  - Enter Academic Year : 
  [main] DEBUG org.jboss.logging  - Logging Provider: org.jboss.logging.Log4jLoggerProvider
  [main] INFO  org.hibernate.Version  - HHH000412: Hibernate ORM core version 5.6.11.Final
  [main] INFO  org.hibernate.annotations.common.Version  - HCANN000001: Hibernate Commons Annotations {5.1.2.Final}
  [main] WARN  org.hibernate.orm.connections.pooling  - HHH10001002: Using Hibernate built-in connection pool (not for production use!)
  [main] INFO  org.hibernate.orm.connections.pooling  - HHH10001005: using driver [com.mysql.cj.jdbc.Driver] at URL [jdbc:mysql://localhost:3306/student]
  [main] INFO  org.hibernate.orm.connections.pooling  - HHH10001001: Connection properties: {password=****, user=root}
  [main] INFO  org.hibernate.orm.connections.pooling  - HHH10001003: Autocommit mode: false
  [main] INFO  org.hibernate.engine.jdbc.connections.internal.DriverManagerConnectionProviderImpl  - HHH000115: Hibernate connection pool size: 20 (min=1)
  [main] INFO  org.hibernate.dialect.Dialect  - HHH000400: Using dialect: org.hibernate.dialect.MySQL5Dialect
  [main] INFO  org.hibernate.orm.connections.access  - HHH10001501: Connection obtained from JdbcConnectionAccess [org.hibernate.engine.jdbc.env.internal.JdbcEnvironmentInitiator$ConnectionProviderJdbcConnectionAccess@27755487] for (non-JTA) DDL execution was not in auto-commit mode; the Connection 'local transaction' will be committed and the Connection will be set into auto-commit mode.
  [main] INFO  student.inherit.App  - Student added successfully.
  [main] INFO  student.inherit.App  - 
Press 1 - Register Student 
Press 2 - Register as NON IT 
Press 3 - Rgister as IT 
Press 4 - Fetch Student Detail 
Press 5 - Fetch All Students 
Press 6 - Remove Student 
Press 7 - Exit
  [main] INFO  student.inherit.App  - Enter your choice : 
  [main] INFO  student.inherit.App  - 
1 4 4 4
IT(sector=4, sem=4, domain=4)
  [main] INFO  student.inherit.App  - 
4 J K L
NonIT(program=M, year=4, major=N)
  [main] INFO  student.inherit.App  - 
3 6 6 6
NonIT(program=6, year=6, major=6)
  [main] INFO  student.inherit.App  - 
Press 1 - Register Student 
Press 2 - Register as NON IT 
Press 3 - Rgister as IT 
Press 4 - Fetch Student Detail 
Press 5 - Fetch All Students 
Press 6 - Remove Student 
Press 7 - Exit
  [main] INFO  student.inherit.App  - Enter your choice : 
  [main] INFO  student.inherit.App  - 
Press 1 - Register Student 
Press 2 - Register as NON IT 
Press 3 - Rgister as IT 
Press 4 - Fetch Student Detail 
Press 5 - Fetch All Students 
Press 6 - Remove Student 
Press 7 - Exit
  [main] INFO  student.inherit.App  - Enter your choice : 
  [main] DEBUG org.jboss.logging  - Logging Provider: org.jboss.logging.Log4jLoggerProvider
  [main] INFO  org.hibernate.Version  - HHH000412: Hibernate ORM core version 5.6.11.Final
  [main] INFO  org.hibernate.annotations.common.Version  - HCANN000001: Hibernate Commons Annotations {5.1.2.Final}
  [main] WARN  org.hibernate.orm.connections.pooling  - HHH10001002: Using Hibernate built-in connection pool (not for production use!)
  [main] INFO  org.hibernate.orm.connections.pooling  - HHH10001005: using driver [com.mysql.cj.jdbc.Driver] at URL [jdbc:mysql://localhost:3306/student]
  [main] INFO  org.hibernate.orm.connections.pooling  - HHH10001001: Connection properties: {password=****, user=root}
  [main] INFO  org.hibernate.orm.connections.pooling  - HHH10001003: Autocommit mode: false
  [main] INFO  org.hibernate.engine.jdbc.connections.internal.DriverManagerConnectionProviderImpl  - HHH000115: Hibernate connection pool size: 20 (min=1)
  [main] INFO  org.hibernate.dialect.Dialect  - HHH000400: Using dialect: org.hibernate.dialect.MySQL5Dialect
  [main] INFO  org.hibernate.orm.connections.access  - HHH10001501: Connection obtained from JdbcConnectionAccess [org.hibernate.engine.jdbc.env.internal.JdbcEnvironmentInitiator$ConnectionProviderJdbcConnectionAccess@27755487] for (non-JTA) DDL execution was not in auto-commit mode; the Connection 'local transaction' will be committed and the Connection will be set into auto-commit mode.
  [main] INFO  student.inherit.App  - 
1 4 4 4
IT(sector=4, sem=4, domain=4)
  [main] INFO  student.inherit.App  - 
4 J K L
NonIT(program=M, year=4, major=N)
  [main] INFO  student.inherit.App  - 
3 6 6 6
NonIT(program=6, year=6, major=6)
  [main] INFO  student.inherit.App  - 
Press 1 - Register Student 
Press 2 - Register as NON IT 
Press 3 - Rgister as IT 
Press 4 - Fetch Student Detail 
Press 5 - Fetch All Students 
Press 6 - Remove Student 
Press 7 - Exit
  [main] INFO  student.inherit.App  - Enter your choice : 
  